<?xml version="1.0" encoding="UTF-8"?>
<testng-results skipped="0" failed="0" ignored="0" total="2" passed="2">
  <reporter-output>
  </reporter-output>
  <suite name="Default suite" duration-ms="50747" started-at="2022-04-01T14:40:28Z" finished-at="2022-04-01T14:41:19Z">
    <groups>
    </groups>
    <test name="Default test" duration-ms="50747" started-at="2022-04-01T14:40:28Z" finished-at="2022-04-01T14:41:19Z">
      <class name="testcases.SigninPageTest">
        <test-method status="PASS" signature="loadConfig()[pri:0, instance:testcases.SigninPageTest@43814d18]" name="loadConfig" is-config="true" duration-ms="15" started-at="2022-04-01T14:40:28Z" finished-at="2022-04-01T14:40:28Z">
          <reporter-output>
          </reporter-output>
        </test-method> <!-- loadConfig -->
        <test-method status="PASS" signature="setup()[pri:0, instance:testcases.SigninPageTest@43814d18]" name="setup" is-config="true" duration-ms="26938" started-at="2022-04-01T14:40:28Z" finished-at="2022-04-01T14:40:55Z">
          <reporter-output>
          </reporter-output>
        </test-method> <!-- setup -->
        <test-method status="PASS" signature="test1(java.lang.String, java.lang.String)[pri:0, instance:testcases.SigninPageTest@43814d18]" name="test1" duration-ms="14380" started-at="2022-04-01T14:41:00Z" data-provider="signdata" finished-at="2022-04-01T14:41:14Z">
          <params>
            <param index="0">
              <value>
                <![CDATA[bddtester1@gmail.com]]>
              </value>
            </param>
            <param index="1">
              <value>
                <![CDATA[DearJindagi]]>
              </value>
            </param>
          </params>
          <reporter-output>
          </reporter-output>
        </test-method> <!-- test1 -->
        <test-method status="PASS" signature="tearDown()[pri:0, instance:testcases.SigninPageTest@43814d18]" name="tearDown" is-config="true" duration-ms="0" started-at="2022-04-01T14:41:14Z" finished-at="2022-04-01T14:41:14Z">
          <reporter-output>
          </reporter-output>
        </test-method> <!-- tearDown -->
        <test-method status="PASS" signature="test1(java.lang.String, java.lang.String)[pri:0, instance:testcases.SigninPageTest@43814d18]" name="test1" duration-ms="5231" started-at="2022-04-01T14:41:14Z" data-provider="signdata" finished-at="2022-04-01T14:41:19Z">
          <params>
            <param index="0">
              <value>
                <![CDATA[zavarepratik.pz@gmail.com]]>
              </value>
            </param>
            <param index="1">
              <value>
                <![CDATA[Pray@thr1]]>
              </value>
            </param>
          </params>
          <reporter-output>
          </reporter-output>
        </test-method> <!-- test1 -->
        <test-method status="PASS" signature="tearDown()[pri:0, instance:testcases.SigninPageTest@43814d18]" name="tearDown" is-config="true" duration-ms="1" started-at="2022-04-01T14:41:19Z" finished-at="2022-04-01T14:41:19Z">
          <reporter-output>
          </reporter-output>
        </test-method> <!-- tearDown -->
        <test-method status="PASS" signature="endTest()[pri:0, instance:testcases.SigninPageTest@43814d18]" name="endTest" is-config="true" duration-ms="7" started-at="2022-04-01T14:41:19Z" finished-at="2022-04-01T14:41:19Z">
          <reporter-output>
          </reporter-output>
        </test-method> <!-- endTest -->
      </class> <!-- testcases.SigninPageTest -->
    </test> <!-- Default test -->
  </suite> <!-- Default suite -->
</testng-results>
